#
# There is insufficient memory for the Java Runtime Environment to continue.
# Native memory allocation (mmap) failed to map 57266405376 bytes for committing reserved memory.
# Possible reasons:
#   The system is out of physical RAM or swap space
#   In 32 bit mode, the process size limit was hit
# Possible solutions:
#   Reduce memory load on the system
#   Increase physical memory or swap space
#   Check if swap backing store is full
#   Use 64 bit Java on a 64 bit OS
#   Decrease Java heap size (-Xmx/-Xms)
#   Decrease number of Java threads
#   Decrease Java thread stack sizes (-Xss)
#   Set larger code cache with -XX:ReservedCodeCacheSize=
# This output file may be truncated or incomplete.
#
#  Out of Memory Error (os_linux.cpp:2627), pid=11542, tid=140696415418112
#
# JRE version:  (8.0_91-b14) (build )
# Java VM: Java HotSpot(TM) 64-Bit Server VM (25.91-b14 mixed mode linux-amd64 )
# Failed to write core dump. Core dumps have been disabled. To enable core dumping, try "ulimit -c unlimited" before starting Java again
#

---------------  T H R E A D  ---------------

Current thread (0x00007ff66800a000):  JavaThread "Unknown thread" [_thread_in_vm, id=11585, stack(0x00007ff66fccb000,0x00007ff66fdcc000)]

Stack: [0x00007ff66fccb000,0x00007ff66fdcc000],  sp=0x00007ff66fdca370,  free space=1020k
Native frames: (J=compiled Java code, j=interpreted, Vv=VM code, C=native code)
V  [libjvm.so+0xabc18a]  VMError::report_and_die()+0x2ba
V  [libjvm.so+0x4fafeb]  report_vm_out_of_memory(char const*, int, unsigned long, VMErrorType, char const*)+0x8b
V  [libjvm.so+0x91cbb3]  os::Linux::commit_memory_impl(char*, unsigned long, bool)+0x103
V  [libjvm.so+0x91d109]  os::pd_commit_memory(char*, unsigned long, unsigned long, bool)+0x29
V  [libjvm.so+0x91740a]  os::commit_memory(char*, unsigned long, unsigned long, bool)+0x2a
V  [libjvm.so+0x98b033]  PSVirtualSpace::expand_by(unsigned long)+0x53
V  [libjvm.so+0x97b177]  PSOldGen::initialize(ReservedSpace, unsigned long, char const*, int)+0xb7
V  [libjvm.so+0x2d827a]  AdjoiningGenerations::AdjoiningGenerations(ReservedSpace, GenerationSizer*, unsigned long)+0x39a
V  [libjvm.so+0x93ff76]  ParallelScavengeHeap::initialize()+0x1d6
V  [libjvm.so+0xa849bb]  Universe::initialize_heap()+0xfb
V  [libjvm.so+0xa84d2e]  universe_init()+0x3e
V  [libjvm.so+0x63a575]  init_globals()+0x65
V  [libjvm.so+0xa68f3e]  Threads::create_vm(JavaVMInitArgs*, bool*)+0x23e
V  [libjvm.so+0x6cede4]  JNI_CreateJavaVM+0x74
C  [libjli.so+0x745e]  JavaMain+0x9e
C  [libpthread.so.0+0x8182]  start_thread+0xc2


---------------  P R O C E S S  ---------------

Java Threads: ( => current thread )

Other Threads:

=>0x00007ff66800a000 (exited) JavaThread "Unknown thread" [_thread_in_vm, id=11585, stack(0x00007ff66fccb000,0x00007ff66fdcc000)]

VM state:not at safepoint (not fully initialized)

VM Mutex/Monitor currently owned by a thread: None

GC Heap History (0 events):
No events

Deoptimization events (0 events):
No events

Internal exceptions (0 events):
No events

Events (0 events):
No events


Dynamic libraries:
00400000-00401000 r-xp 00000000 fc:01 48891070                           /usr/lib/jvm/java-8-oracle/jre/bin/java
00600000-00601000 rw-p 00000000 fc:01 48891070                           /usr/lib/jvm/java-8-oracle/jre/bin/java
00e48000-00e69000 rw-p 00000000 00:00 0                                  [heap]
7fe24efff000-7fe255aa9000 ---p 00000000 00:00 0 
7fe255aa9000-7fe259000000 rw-p 00000000 00:00 0 
7fefae580000-7ff659000000 rw-p 00000000 00:00 0 
7ff659000000-7ff659270000 rwxp 00000000 00:00 0 
7ff659270000-7ff668000000 ---p 00000000 00:00 0 
7ff668000000-7ff668032000 rw-p 00000000 00:00 0 
7ff668032000-7ff66c000000 ---p 00000000 00:00 0 
7ff66c7f9000-7ff66ca88000 rw-p 00000000 00:00 0 
7ff66ca88000-7ff66ce3e000 ---p 00000000 00:00 0 
7ff66ce3e000-7ff66ce58000 r-xp 00000000 fc:01 49021388                   /usr/lib/jvm/java-8-oracle/jre/lib/amd64/libzip.so
7ff66ce58000-7ff66d058000 ---p 0001a000 fc:01 49021388                   /usr/lib/jvm/java-8-oracle/jre/lib/amd64/libzip.so
7ff66d058000-7ff66d059000 rw-p 0001a000 fc:01 49021388                   /usr/lib/jvm/java-8-oracle/jre/lib/amd64/libzip.so
7ff66d059000-7ff66d064000 r-xp 00000000 fc:01 8127747                    /lib/x86_64-linux-gnu/libnss_files-2.19.so
7ff66d064000-7ff66d263000 ---p 0000b000 fc:01 8127747                    /lib/x86_64-linux-gnu/libnss_files-2.19.so
7ff66d263000-7ff66d264000 r--p 0000a000 fc:01 8127747                    /lib/x86_64-linux-gnu/libnss_files-2.19.so
7ff66d264000-7ff66d265000 rw-p 0000b000 fc:01 8127747                    /lib/x86_64-linux-gnu/libnss_files-2.19.so
7ff66d265000-7ff66d270000 r-xp 00000000 fc:01 8126872                    /lib/x86_64-linux-gnu/libnss_nis-2.19.so
7ff66d270000-7ff66d46f000 ---p 0000b000 fc:01 8126872                    /lib/x86_64-linux-gnu/libnss_nis-2.19.so
7ff66d46f000-7ff66d470000 r--p 0000a000 fc:01 8126872                    /lib/x86_64-linux-gnu/libnss_nis-2.19.so
7ff66d470000-7ff66d471000 rw-p 0000b000 fc:01 8126872                    /lib/x86_64-linux-gnu/libnss_nis-2.19.so
7ff66d471000-7ff66d488000 r-xp 00000000 fc:01 8126822                    /lib/x86_64-linux-gnu/libnsl-2.19.so
7ff66d488000-7ff66d687000 ---p 00017000 fc:01 8126822                    /lib/x86_64-linux-gnu/libnsl-2.19.so
7ff66d687000-7ff66d688000 r--p 00016000 fc:01 8126822                    /lib/x86_64-linux-gnu/libnsl-2.19.so
7ff66d688000-7ff66d689000 rw-p 00017000 fc:01 8126822                    /lib/x86_64-linux-gnu/libnsl-2.19.so
7ff66d689000-7ff66d68b000 rw-p 00000000 00:00 0 
7ff66d68b000-7ff66d694000 r-xp 00000000 fc:01 8126719                    /lib/x86_64-linux-gnu/libnss_compat-2.19.so
7ff66d694000-7ff66d893000 ---p 00009000 fc:01 8126719                    /lib/x86_64-linux-gnu/libnss_compat-2.19.so
7ff66d893000-7ff66d894000 r--p 00008000 fc:01 8126719                    /lib/x86_64-linux-gnu/libnss_compat-2.19.so
7ff66d894000-7ff66d895000 rw-p 00009000 fc:01 8126719                    /lib/x86_64-linux-gnu/libnss_compat-2.19.so
7ff66d895000-7ff66d8bf000 r-xp 00000000 fc:01 49025529                   /usr/lib/jvm/java-8-oracle/jre/lib/amd64/libjava.so
7ff66d8bf000-7ff66dabf000 ---p 0002a000 fc:01 49025529                   /usr/lib/jvm/java-8-oracle/jre/lib/amd64/libjava.so
7ff66dabf000-7ff66dac1000 rw-p 0002a000 fc:01 49025529                   /usr/lib/jvm/java-8-oracle/jre/lib/amd64/libjava.so
7ff66dac1000-7ff66dace000 r-xp 00000000 fc:01 49021411                   /usr/lib/jvm/java-8-oracle/jre/lib/amd64/libverify.so
7ff66dace000-7ff66dcce000 ---p 0000d000 fc:01 49021411                   /usr/lib/jvm/java-8-oracle/jre/lib/amd64/libverify.so
7ff66dcce000-7ff66dcd0000 rw-p 0000d000 fc:01 49021411                   /usr/lib/jvm/java-8-oracle/jre/lib/amd64/libverify.so
7ff66dcd0000-7ff66dcd7000 r-xp 00000000 fc:01 8127739                    /lib/x86_64-linux-gnu/librt-2.19.so
7ff66dcd7000-7ff66ded6000 ---p 00007000 fc:01 8127739                    /lib/x86_64-linux-gnu/librt-2.19.so
7ff66ded6000-7ff66ded7000 r--p 00006000 fc:01 8127739                    /lib/x86_64-linux-gnu/librt-2.19.so
7ff66ded7000-7ff66ded8000 rw-p 00007000 fc:01 8127739                    /lib/x86_64-linux-gnu/librt-2.19.so
7ff66ded8000-7ff66dfdd000 r-xp 00000000 fc:01 8126516                    /lib/x86_64-linux-gnu/libm-2.19.so
7ff66dfdd000-7ff66e1dc000 ---p 00105000 fc:01 8126516                    /lib/x86_64-linux-gnu/libm-2.19.so
7ff66e1dc000-7ff66e1dd000 r--p 00104000 fc:01 8126516                    /lib/x86_64-linux-gnu/libm-2.19.so
7ff66e1dd000-7ff66e1de000 rw-p 00105000 fc:01 8126516                    /lib/x86_64-linux-gnu/libm-2.19.so
7ff66e1de000-7ff66ee9e000 r-xp 00000000 fc:01 49021403                   /usr/lib/jvm/java-8-oracle/jre/lib/amd64/server/libjvm.so
7ff66ee9e000-7ff66f09e000 ---p 00cc0000 fc:01 49021403                   /usr/lib/jvm/java-8-oracle/jre/lib/amd64/server/libjvm.so
7ff66f09e000-7ff66f176000 rw-p 00cc0000 fc:01 49021403                   /usr/lib/jvm/java-8-oracle/jre/lib/amd64/server/libjvm.so
7ff66f176000-7ff66f1c1000 rw-p 00000000 00:00 0 
7ff66f1c1000-7ff66f37c000 r-xp 00000000 fc:01 8127741                    /lib/x86_64-linux-gnu/libc-2.19.so
7ff66f37c000-7ff66f57b000 ---p 001bb000 fc:01 8127741                    /lib/x86_64-linux-gnu/libc-2.19.so
7ff66f57b000-7ff66f57f000 r--p 001ba000 fc:01 8127741                    /lib/x86_64-linux-gnu/libc-2.19.so
7ff66f57f000-7ff66f581000 rw-p 001be000 fc:01 8127741                    /lib/x86_64-linux-gnu/libc-2.19.so
7ff66f581000-7ff66f586000 rw-p 00000000 00:00 0 
7ff66f586000-7ff66f589000 r-xp 00000000 fc:01 8126530                    /lib/x86_64-linux-gnu/libdl-2.19.so
7ff66f589000-7ff66f788000 ---p 00003000 fc:01 8126530                    /lib/x86_64-linux-gnu/libdl-2.19.so
7ff66f788000-7ff66f789000 r--p 00002000 fc:01 8126530                    /lib/x86_64-linux-gnu/libdl-2.19.so
7ff66f789000-7ff66f78a000 rw-p 00003000 fc:01 8126530                    /lib/x86_64-linux-gnu/libdl-2.19.so
7ff66f78a000-7ff66f79f000 r-xp 00000000 fc:01 49025531                   /usr/lib/jvm/java-8-oracle/jre/lib/amd64/jli/libjli.so
7ff66f79f000-7ff66f99f000 ---p 00015000 fc:01 49025531                   /usr/lib/jvm/java-8-oracle/jre/lib/amd64/jli/libjli.so
7ff66f99f000-7ff66f9a0000 rw-p 00015000 fc:01 49025531                   /usr/lib/jvm/java-8-oracle/jre/lib/amd64/jli/libjli.so
7ff66f9a0000-7ff66f9b9000 r-xp 00000000 fc:01 8126828                    /lib/x86_64-linux-gnu/libpthread-2.19.so
7ff66f9b9000-7ff66fbb8000 ---p 00019000 fc:01 8126828                    /lib/x86_64-linux-gnu/libpthread-2.19.so
7ff66fbb8000-7ff66fbb9000 r--p 00018000 fc:01 8126828                    /lib/x86_64-linux-gnu/libpthread-2.19.so
7ff66fbb9000-7ff66fbba000 rw-p 00019000 fc:01 8126828                    /lib/x86_64-linux-gnu/libpthread-2.19.so
7ff66fbba000-7ff66fbbe000 rw-p 00000000 00:00 0 
7ff66fbbe000-7ff66fbe1000 r-xp 00000000 fc:01 8126833                    /lib/x86_64-linux-gnu/ld-2.19.so
7ff66fccb000-7ff66fcce000 ---p 00000000 00:00 0 
7ff66fcce000-7ff66fdd0000 rw-p 00000000 00:00 0                          [stack:11585]
7ff66fdd1000-7ff66fdd4000 rw-p 00000000 00:00 0 
7ff66fdd4000-7ff66fddc000 rw-s 00000000 fc:01 17039372                   /tmp/hsperfdata_mcollins/11542
7ff66fddc000-7ff66fddd000 rw-p 00000000 00:00 0 
7ff66fddd000-7ff66fdde000 r--p 00000000 00:00 0 
7ff66fdde000-7ff66fde0000 rw-p 00000000 00:00 0 
7ff66fde0000-7ff66fde1000 r--p 00022000 fc:01 8126833                    /lib/x86_64-linux-gnu/ld-2.19.so
7ff66fde1000-7ff66fde2000 rw-p 00023000 fc:01 8126833                    /lib/x86_64-linux-gnu/ld-2.19.so
7ff66fde2000-7ff66fde3000 rw-p 00000000 00:00 0 
7ffcfd8df000-7ffcfd900000 rw-p 00000000 00:00 0                          [stack]
7ffcfd91e000-7ffcfd920000 r-xp 00000000 00:00 0                          [vdso]
ffffffffff600000-ffffffffff601000 r-xp 00000000 00:00 0                  [vsyscall]

VM Arguments:
jvm_args: -Xms80G -Xmx80G 
java_command: org.apache.spark.deploy.SparkSubmit --conf spark.driver.memory=80G --executor-memory 80G --num-executors 3 --executor-cores 5 --jars /opt/spark/jars/elasticsearch-hadoop-2.2.0.jar pyspark-shell
java_class_path (initial): /opt/spark/conf/:/opt/spark/lib/spark-assembly-1.6.1-hadoop2.6.0.jar:/opt/spark/lib/datanucleus-rdbms-3.2.9.jar:/opt/spark/lib/datanucleus-api-jdo-3.2.6.jar:/opt/spark/lib/datanucleus-core-3.2.10.jar
Launcher Type: SUN_STANDARD

Environment Variables:
PATH=/usr/local/sbin:/usr/local/bin:/usr/sbin:/usr/bin:/sbin:/bin:/usr/games:/usr/local/games:/opt/spark/bin
SHELL=/bin/bash

Signal Handlers:
SIGSEGV: [libjvm.so+0xabca10], sa_mask[0]=11111111011111111101111111111110, sa_flags=SA_RESTART|SA_SIGINFO
SIGBUS: [libjvm.so+0xabca10], sa_mask[0]=11111111011111111101111111111110, sa_flags=SA_RESTART|SA_SIGINFO
SIGFPE: [libjvm.so+0x919a20], sa_mask[0]=11111111011111111101111111111110, sa_flags=SA_RESTART|SA_SIGINFO
SIGPIPE: [libjvm.so+0x919a20], sa_mask[0]=11111111011111111101111111111110, sa_flags=SA_RESTART|SA_SIGINFO
SIGXFSZ: [libjvm.so+0x919a20], sa_mask[0]=11111111011111111101111111111110, sa_flags=SA_RESTART|SA_SIGINFO
SIGILL: [libjvm.so+0x919a20], sa_mask[0]=11111111011111111101111111111110, sa_flags=SA_RESTART|SA_SIGINFO
SIGUSR1: SIG_DFL, sa_mask[0]=00000000000000000000000000000000, sa_flags=none
SIGUSR2: [libjvm.so+0x91b050], sa_mask[0]=00000000000000000000000000000000, sa_flags=SA_RESTART|SA_SIGINFO
SIGHUP: SIG_DFL, sa_mask[0]=00000000000000000000000000000000, sa_flags=none
SIGINT: SIG_IGN, sa_mask[0]=00000000000000000000000000000000, sa_flags=none
SIGTERM: SIG_DFL, sa_mask[0]=00000000000000000000000000000000, sa_flags=none
SIGQUIT: SIG_DFL, sa_mask[0]=00000000000000000000000000000000, sa_flags=none


---------------  S Y S T E M  ---------------

OS:DISTRIB_ID=Ubuntu
DISTRIB_RELEASE=14.04
DISTRIB_CODENAME=trusty
DISTRIB_DESCRIPTION="Ubuntu 14.04.4 LTS"

uname:Linux 3.13.0-74-generic #118-Ubuntu SMP Thu Dec 17 22:52:10 UTC 2015 x86_64
libc:glibc 2.19 NPTL 2.19 
rlimit: STACK 8192k, CORE 0k, NPROC 773212, NOFILE 4096, AS infinity
load average:15.26 8.50 5.86

/proc/meminfo:
MemTotal:       98993716 kB
MemFree:        30892444 kB
Buffers:           17964 kB
Cached:         20566544 kB
SwapCached:         1632 kB
Active:         55514184 kB
Inactive:       10686080 kB
Active(anon):   45364728 kB
Inactive(anon):   252928 kB
Active(file):   10149456 kB
Inactive(file): 10433152 kB
Unevictable:           0 kB
Mlocked:               0 kB
SwapTotal:       3137532 kB
SwapFree:        3088504 kB
Dirty:               772 kB
Writeback:             0 kB
AnonPages:      45611112 kB
Mapped:            31628 kB
Shmem:              1868 kB
Slab:            1087888 kB
SReclaimable:    1002016 kB
SUnreclaim:        85872 kB
KernelStack:        4512 kB
PageTables:       142228 kB
NFS_Unstable:          0 kB
Bounce:                0 kB
WritebackTmp:          0 kB
CommitLimit:    52634388 kB
Committed_AS:   118188848 kB
VmallocTotal:   34359738367 kB
VmallocUsed:      479844 kB
VmallocChunk:   34308126616 kB
HardwareCorrupted:     0 kB
AnonHugePages:     28672 kB
HugePages_Total:       0
HugePages_Free:        0
HugePages_Rsvd:        0
HugePages_Surp:        0
Hugepagesize:       2048 kB
DirectMap4k:       67044 kB
DirectMap2M:     4114432 kB
DirectMap1G:    98566144 kB


CPU:total 16 (4 cores per cpu, 2 threads per core) family 6 model 44 stepping 2, cmov, cx8, fxsr, mmx, sse, sse2, sse3, ssse3, sse4.1, sse4.2, popcnt, aes, clmul, ht, tsc, tscinvbit, tscinv

/proc/cpuinfo:
processor	: 0
vendor_id	: GenuineIntel
cpu family	: 6
model		: 44
model name	: Intel(R) Xeon(R) CPU           E5640  @ 2.67GHz
stepping	: 2
microcode	: 0x1a
cpu MHz		: 2659.999
cache size	: 12288 KB
physical id	: 1
siblings	: 8
core id		: 0
cpu cores	: 4
apicid		: 32
initial apicid	: 32
fpu		: yes
fpu_exception	: yes
cpuid level	: 11
wp		: yes
flags		: fpu vme de pse tsc msr pae mce cx8 apic sep mtrr pge mca cmov pat pse36 clflush dts acpi mmx fxsr sse sse2 ss ht tm pbe syscall nx pdpe1gb rdtscp lm constant_tsc arch_perfmon pebs bts rep_good nopl xtopology nonstop_tsc aperfmperf pni pclmulqdq dtes64 monitor ds_cpl vmx smx est tm2 ssse3 cx16 xtpr pdcm pcid dca sse4_1 sse4_2 popcnt aes lahf_lm ida arat dtherm tpr_shadow vnmi flexpriority ept vpid
bogomips	: 5319.99
clflush size	: 64
cache_alignment	: 64
address sizes	: 40 bits physical, 48 bits virtual
power management:

processor	: 1
vendor_id	: GenuineIntel
cpu family	: 6
model		: 44
model name	: Intel(R) Xeon(R) CPU           E5640  @ 2.67GHz
stepping	: 2
microcode	: 0x1a
cpu MHz		: 2659.999
cache size	: 12288 KB
physical id	: 0
siblings	: 8
core id		: 0
cpu cores	: 4
apicid		: 0
initial apicid	: 0
fpu		: yes
fpu_exception	: yes
cpuid level	: 11
wp		: yes
flags		: fpu vme de pse tsc msr pae mce cx8 apic sep mtrr pge mca cmov pat pse36 clflush dts acpi mmx fxsr sse sse2 ss ht tm pbe syscall nx pdpe1gb rdtscp lm constant_tsc arch_perfmon pebs bts rep_good nopl xtopology nonstop_tsc aperfmperf pni pclmulqdq dtes64 monitor ds_cpl vmx smx est tm2 ssse3 cx16 xtpr pdcm pcid dca sse4_1 sse4_2 popcnt aes lahf_lm ida arat dtherm tpr_shadow vnmi flexpriority ept vpid
bogomips	: 5319.98
clflush size	: 64
cache_alignment	: 64
address sizes	: 40 bits physical, 48 bits virtual
power management:

processor	: 2
vendor_id	: GenuineIntel
cpu family	: 6
model		: 44
model name	: Intel(R) Xeon(R) CPU           E5640  @ 2.67GHz
stepping	: 2
microcode	: 0x1a
cpu MHz		: 2659.999
cache size	: 12288 KB
physical id	: 1
siblings	: 8
core id		: 1
cpu cores	: 4
apicid		: 34
initial apicid	: 34
fpu		: yes
fpu_exception	: yes
cpuid level	: 11
wp		: yes
flags		: fpu vme de pse tsc msr pae mce cx8 apic sep mtrr pge mca cmov pat pse36 clflush dts acpi mmx fxsr sse sse2 ss ht tm pbe syscall nx pdpe1gb rdtscp lm constant_tsc arch_perfmon pebs bts rep_good nopl xtopology nonstop_tsc aperfmperf pni pclmulqdq dtes64 monitor ds_cpl vmx smx est tm2 ssse3 cx16 xtpr pdcm pcid dca sse4_1 sse4_2 popcnt aes lahf_lm ida arat dtherm tpr_shadow vnmi flexpriority ept vpid
bogomips	: 5319.99
clflush size	: 64
cache_alignment	: 64
address sizes	: 40 bits physical, 48 bits virtual
power management:

processor	: 3
vendor_id	: GenuineIntel
cpu family	: 6
model		: 44
model name	: Intel(R) Xeon(R) CPU           E5640  @ 2.67GHz
stepping	: 2
microcode	: 0x1a
cpu MHz		: 2659.999
cache size	: 12288 KB
physical id	: 0
siblings	: 8
core id		: 1
cpu cores	: 4
apicid		: 2
initial apicid	: 2
fpu		: yes
fpu_exception	: yes
cpuid level	: 11
wp		: yes
flags		: fpu vme de pse tsc msr pae mce cx8 apic sep mtrr pge mca cmov pat pse36 clflush dts acpi mmx fxsr sse sse2 ss ht tm pbe syscall nx pdpe1gb rdtscp lm constant_tsc arch_perfmon pebs bts rep_good nopl xtopology nonstop_tsc aperfmperf pni pclmulqdq dtes64 monitor ds_cpl vmx smx est tm2 ssse3 cx16 xtpr pdcm pcid dca sse4_1 sse4_2 popcnt aes lahf_lm ida arat dtherm tpr_shadow vnmi flexpriority ept vpid
bogomips	: 5319.98
clflush size	: 64
cache_alignment	: 64
address sizes	: 40 bits physical, 48 bits virtual
power management:

processor	: 4
vendor_id	: GenuineIntel
cpu family	: 6
model		: 44
model name	: Intel(R) Xeon(R) CPU           E5640  @ 2.67GHz
stepping	: 2
microcode	: 0x1a
cpu MHz		: 2659.999
cache size	: 12288 KB
physical id	: 1
siblings	: 8
core id		: 9
cpu cores	: 4
apicid		: 50
initial apicid	: 50
fpu		: yes
fpu_exception	: yes
cpuid level	: 11
wp		: yes
flags		: fpu vme de pse tsc msr pae mce cx8 apic sep mtrr pge mca cmov pat pse36 clflush dts acpi mmx fxsr sse sse2 ss ht tm pbe syscall nx pdpe1gb rdtscp lm constant_tsc arch_perfmon pebs bts rep_good nopl xtopology nonstop_tsc aperfmperf pni pclmulqdq dtes64 monitor ds_cpl vmx smx est tm2 ssse3 cx16 xtpr pdcm pcid dca sse4_1 sse4_2 popcnt aes lahf_lm ida arat dtherm tpr_shadow vnmi flexpriority ept vpid
bogomips	: 5319.99
clflush size	: 64
cache_alignment	: 64
address sizes	: 40 bits physical, 48 bits virtual
power management:

processor	: 5
vendor_id	: GenuineIntel
cpu family	: 6
model		: 44
model name	: Intel(R) Xeon(R) CPU           E5640  @ 2.67GHz
stepping	: 2
microcode	: 0x1a
cpu MHz		: 2659.999
cache size	: 12288 KB
physical id	: 0
siblings	: 8
core id		: 9
cpu cores	: 4
apicid		: 18
initial apicid	: 18
fpu		: yes
fpu_exception	: yes
cpuid level	: 11
wp		: yes
flags		: fpu vme de pse tsc msr pae mce cx8 apic sep mtrr pge mca cmov pat pse36 clflush dts acpi mmx fxsr sse sse2 ss ht tm pbe syscall nx pdpe1gb rdtscp lm constant_tsc arch_perfmon pebs bts rep_good nopl xtopology nonstop_tsc aperfmperf pni pclmulqdq dtes64 monitor ds_cpl vmx smx est tm2 ssse3 cx16 xtpr pdcm pcid dca sse4_1 sse4_2 popcnt aes lahf_lm ida arat dtherm tpr_shadow vnmi flexpriority ept vpid
bogomips	: 5319.98
clflush size	: 64
cache_alignment	: 64
address sizes	: 40 bits physical, 48 bits virtual
power management:

processor	: 6
vendor_id	: GenuineIntel
cpu family	: 6
model		: 44
model name	: Intel(R) Xeon(R) CPU           E5640  @ 2.67GHz
stepping	: 2
microcode	: 0x1a
cpu MHz		: 2659.999
cache size	: 12288 KB
physical id	: 1
siblings	: 8
core id		: 10
cpu cores	: 4
apicid		: 52
initial apicid	: 52
fpu		: yes
fpu_exception	: yes
cpuid level	: 11
wp		: yes
flags		: fpu vme de pse tsc msr pae mce cx8 apic sep mtrr pge mca cmov pat pse36 clflush dts acpi mmx fxsr sse sse2 ss ht tm pbe syscall nx pdpe1gb rdtscp lm constant_tsc arch_perfmon pebs bts rep_good nopl xtopology nonstop_tsc aperfmperf pni pclmulqdq dtes64 monitor ds_cpl vmx smx est tm2 ssse3 cx16 xtpr pdcm pcid dca sse4_1 sse4_2 popcnt aes lahf_lm ida arat dtherm tpr_shadow vnmi flexpriority ept vpid
bogomips	: 5319.99
clflush size	: 64
cache_alignment	: 64
address sizes	: 40 bits physical, 48 bits virtual
power management:

processor	: 7
vendor_id	: GenuineIntel
cpu family	: 6
model		: 44
model name	: Intel(R) Xeon(R) CPU           E5640  @ 2.67GHz
stepping	: 2
microcode	: 0x1a
cpu MHz		: 2659.999
cache size	: 12288 KB
physical id	: 0
siblings	: 8
core id		: 10
cpu cores	: 4
apicid		: 20
initial apicid	: 20
fpu		: yes
fpu_exception	: yes
cpuid level	: 11
wp		: yes
flags		: fpu vme de pse tsc msr pae mce cx8 apic sep mtrr pge mca cmov pat pse36 clflush dts acpi mmx fxsr sse sse2 ss ht tm pbe syscall nx pdpe1gb rdtscp lm constant_tsc arch_perfmon pebs bts rep_good nopl xtopology nonstop_tsc aperfmperf pni pclmulqdq dtes64 monitor ds_cpl vmx smx est tm2 ssse3 cx16 xtpr pdcm pcid dca sse4_1 sse4_2 popcnt aes lahf_lm ida arat dtherm tpr_shadow vnmi flexpriority ept vpid
bogomips	: 5319.98
clflush size	: 64
cache_alignment	: 64
address sizes	: 40 bits physical, 48 bits virtual
power management:

processor	: 8
vendor_id	: GenuineIntel
cpu family	: 6
model		: 44
model name	: Intel(R) Xeon(R) CPU           E5640  @ 2.67GHz
stepping	: 2
microcode	: 0x1a
cpu MHz		: 2659.999
cache size	: 12288 KB
physical id	: 1
siblings	: 8
core id		: 0
cpu cores	: 4
apicid		: 33
initial apicid	: 33
fpu		: yes
fpu_exception	: yes
cpuid level	: 11
wp		: yes
flags		: fpu vme de pse tsc msr pae mce cx8 apic sep mtrr pge mca cmov pat pse36 clflush dts acpi mmx fxsr sse sse2 ss ht tm pbe syscall nx pdpe1gb rdtscp lm constant_tsc arch_perfmon pebs bts rep_good nopl xtopology nonstop_tsc aperfmperf pni pclmulqdq dtes64 monitor ds_cpl vmx smx est tm2 ssse3 cx16 xtpr pdcm pcid dca sse4_1 sse4_2 popcnt aes lahf_lm ida arat dtherm tpr_shadow vnmi flexpriority ept vpid
bogomips	: 5319.99
clflush size	: 64
cache_alignment	: 64
address sizes	: 40 bits physical, 48 bits virtual
power management:

processor	: 9
vendor_id	: GenuineIntel
cpu family	: 6
model		: 44
model name	: Intel(R) Xeon(R) CPU           E5640  @ 2.67GHz
stepping	: 2
microcode	: 0x1a
cpu MHz		: 2659.999
cache size	: 12288 KB
physical id	: 0
siblings	: 8
core id		: 0
cpu cores	: 4
apicid		: 1
initial apicid	: 1
fpu		: yes
fpu_exception	: yes
cpuid level	: 11
wp		: yes
flags		: fpu vme de pse tsc msr pae mce cx8 apic sep mtrr pge mca cmov pat pse36 clflush dts acpi mmx fxsr sse sse2 ss ht tm pbe syscall nx pdpe1gb rdtscp lm constant_tsc arch_perfmon pebs bts rep_good nopl xtopology nonstop_tsc aperfmperf pni pclmulqdq dtes64 monitor ds_cpl vmx smx est tm2 ssse3 cx16 xtpr pdcm pcid dca sse4_1 sse4_2 popcnt aes lahf_lm ida arat dtherm tpr_shadow vnmi flexpriority ept vpid
bogomips	: 5319.98
clflush size	: 64
cache_alignment	: 64
address sizes	: 40 bits physical, 48 bits virtual
power management:

processor	: 10
vendor_id	: GenuineIntel
cpu family	: 6
model		: 44
model name	: Intel(R) Xeon(R) CPU           E5640  @ 2.67GHz
stepping	: 2
microcode	: 0x1a
cpu MHz		: 2659.999
cache size	: 12288 KB
physical id	: 1
siblings	: 8
core id		: 1
cpu cores	: 4
apicid		: 35
initial apicid	: 35
fpu		: yes
fpu_exception	: yes
cpuid level	: 11
wp		: yes
flags		: fpu vme de pse tsc msr pae mce cx8 apic sep mtrr pge mca cmov pat pse36 clflush dts acpi mmx fxsr sse sse2 ss ht tm pbe syscall nx pdpe1gb rdtscp lm constant_tsc arch_perfmon pebs bts rep_good nopl xtopology nonstop_tsc aperfmperf pni pclmulqdq dtes64 monitor ds_cpl vmx smx est tm2 ssse3 cx16 xtpr pdcm pcid dca sse4_1 sse4_2 popcnt aes lahf_lm ida arat dtherm tpr_shadow vnmi flexpriority ept vpid
bogomips	: 5319.99
clflush size	: 64
cache_alignment	: 64
address sizes	: 40 bits physical, 48 bits virtual
power management:

processor	: 11
vendor_id	: GenuineIntel
cpu family	: 6
model		: 44
model name	: Intel(R) Xeon(R) CPU           E5640  @ 2.67GHz
stepping	: 2
microcode	: 0x1a
cpu MHz		: 2659.999
cache size	: 12288 KB
physical id	: 0
siblings	: 8
core id		: 1
cpu cores	: 4
apicid		: 3
initial apicid	: 3
fpu		: yes
fpu_exception	: yes
cpuid level	: 11
wp		: yes
flags		: fpu vme de pse tsc msr pae mce cx8 apic sep mtrr pge mca cmov pat pse36 clflush dts acpi mmx fxsr sse sse2 ss ht tm pbe syscall nx pdpe1gb rdtscp lm constant_tsc arch_perfmon pebs bts rep_good nopl xtopology nonstop_tsc aperfmperf pni pclmulqdq dtes64 monitor ds_cpl vmx smx est tm2 ssse3 cx16 xtpr pdcm pcid dca sse4_1 sse4_2 popcnt aes lahf_lm ida arat dtherm tpr_shadow vnmi flexpriority ept vpid
bogomips	: 5319.98
clflush size	: 64
cache_alignment	: 64
address sizes	: 40 bits physical, 48 bits virtual
power management:

processor	: 12
vendor_id	: GenuineIntel
cpu family	: 6
model		: 44
model name	: Intel(R) Xeon(R) CPU           E5640  @ 2.67GHz
stepping	: 2
microcode	: 0x1a
cpu MHz		: 2659.999
cache size	: 12288 KB
physical id	: 1
siblings	: 8
core id		: 9
cpu cores	: 4
apicid		: 51
initial apicid	: 51
fpu		: yes
fpu_exception	: yes
cpuid level	: 11
wp		: yes
flags		: fpu vme de pse tsc msr pae mce cx8 apic sep mtrr pge mca cmov pat pse36 clflush dts acpi mmx fxsr sse sse2 ss ht tm pbe syscall nx pdpe1gb rdtscp lm constant_tsc arch_perfmon pebs bts rep_good nopl xtopology nonstop_tsc aperfmperf pni pclmulqdq dtes64 monitor ds_cpl vmx smx est tm2 ssse3 cx16 xtpr pdcm pcid dca sse4_1 sse4_2 popcnt aes lahf_lm ida arat dtherm tpr_shadow vnmi flexpriority ept vpid
bogomips	: 5319.99
clflush size	: 64
cache_alignment	: 64
address sizes	: 40 bits physical, 48 bits virtual
power management:

processor	: 13
vendor_id	: GenuineIntel
cpu family	: 6
model		: 44
model name	: Intel(R) Xeon(R) CPU           E5640  @ 2.67GHz
stepping	: 2
microcode	: 0x1a
cpu MHz		: 2659.999
cache size	: 12288 KB
physical id	: 0
siblings	: 8
core id		: 9
cpu cores	: 4
apicid		: 19
initial apicid	: 19
fpu		: yes
fpu_exception	: yes
cpuid level	: 11
wp		: yes
flags		: fpu vme de pse tsc msr pae mce cx8 apic sep mtrr pge mca cmov pat pse36 clflush dts acpi mmx fxsr sse sse2 ss ht tm pbe syscall nx pdpe1gb rdtscp lm constant_tsc arch_perfmon pebs bts rep_good nopl xtopology nonstop_tsc aperfmperf pni pclmulqdq dtes64 monitor ds_cpl vmx smx est tm2 ssse3 cx16 xtpr pdcm pcid dca sse4_1 sse4_2 popcnt aes lahf_lm ida arat dtherm tpr_shadow vnmi flexpriority ept vpid
bogomips	: 5319.98
clflush size	: 64
cache_alignment	: 64
address sizes	: 40 bits physical, 48 bits virtual
power management:

processor	: 14
vendor_id	: GenuineIntel
cpu family	: 6
model		: 44
model name	: Intel(R) Xeon(R) CPU           E5640  @ 2.67GHz
stepping	: 2
microcode	: 0x1a
cpu MHz		: 2659.999
cache size	: 12288 KB
physical id	: 1
siblings	: 8
core id		: 10
cpu cores	: 4
apicid		: 53
initial apicid	: 53
fpu		: yes
fpu_exception	: yes
cpuid level	: 11
wp		: yes
flags		: fpu vme de pse tsc msr pae mce cx8 apic sep mtrr pge mca cmov pat pse36 clflush dts acpi mmx fxsr sse sse2 ss ht tm pbe syscall nx pdpe1gb rdtscp lm constant_tsc arch_perfmon pebs bts rep_good nopl xtopology nonstop_tsc aperfmperf pni pclmulqdq dtes64 monitor ds_cpl vmx smx est tm2 ssse3 cx16 xtpr pdcm pcid dca sse4_1 sse4_2 popcnt aes lahf_lm ida arat dtherm tpr_shadow vnmi flexpriority ept vpid
bogomips	: 5319.99
clflush size	: 64
cache_alignment	: 64
address sizes	: 40 bits physical, 48 bits virtual
power management:

processor	: 15
vendor_id	: GenuineIntel
cpu family	: 6
model		: 44
model name	: Intel(R) Xeon(R) CPU           E5640  @ 2.67GHz
stepping	: 2
microcode	: 0x1a
cpu MHz		: 2659.999
cache size	: 12288 KB
physical id	: 0
siblings	: 8
core id		: 10
cpu cores	: 4
apicid		: 21
initial apicid	: 21
fpu		: yes
fpu_exception	: yes
cpuid level	: 11
wp		: yes
flags		: fpu vme de pse tsc msr pae mce cx8 apic sep mtrr pge mca cmov pat pse36 clflush dts acpi mmx fxsr sse sse2 ss ht tm pbe syscall nx pdpe1gb rdtscp lm constant_tsc arch_perfmon pebs bts rep_good nopl xtopology nonstop_tsc aperfmperf pni pclmulqdq dtes64 monitor ds_cpl vmx smx est tm2 ssse3 cx16 xtpr pdcm pcid dca sse4_1 sse4_2 popcnt aes lahf_lm ida arat dtherm tpr_shadow vnmi flexpriority ept vpid
bogomips	: 5319.98
clflush size	: 64
cache_alignment	: 64
address sizes	: 40 bits physical, 48 bits virtual
power management:



Memory: 4k page, physical 98993716k(30904160k free), swap 3137532k(3088504k free)

vm_info: Java HotSpot(TM) 64-Bit Server VM (25.91-b14) for linux-amd64 JRE (1.8.0_91-b14), built on Apr  1 2016 00:57:21 by "java_re" with gcc 4.3.0 20080428 (Red Hat 4.3.0-8)

time: Thu Jun 23 16:54:07 2016
elapsed time: 0 seconds (0d 0h 0m 0s)

